[01:47:45] ============================================================
[01:47:45] Session started with Sarah
[01:47:45] ============================================================
[01:47:45] 🎤 Microphone started
[01:47:45] 🔴 Recording started
[01:47:45] 📝 Transcription started
[01:47:45] 🧠 GPT started
[01:47:45] 🔊 Playback started
[01:47:46] 🎙️  TTS processing...
[01:47:46] 🔇 No speech detected
[01:47:47] Ready for conversation
[01:47:48] ▶️  Playing (2.4s)
[01:47:49] 🔴 Recording started
[01:47:50] ⚫ Audio sent (0.87s)
[01:47:50] 📡 Whisper processing...
[01:47:50] 🔴 Recording started
[01:47:51] ✅ Transcription: 'I'm Sarah.'
[01:47:51] 💭 GPT processing...
[01:47:51] ✓ Playback finished
[01:47:51] ✅ Response: 'Hi Sarah! That's a lovely name. What's something you enjoy doing?'
[01:47:51] 🎙️  TTS processing...
[01:47:52] ⚫ Audio sent (1.32s)
[01:47:52] 📡 Whisper processing...
[01:47:52] ✅ Transcription: 'Yes.'
[01:47:52] 💭 GPT processing...
[01:47:53] ✅ Response: 'Great! What are you excited about this week?'
[01:47:53] ▶️  Playing (4.2s)
[01:47:54] 🔴 Recording started
[01:47:54] ⚫ Audio sent (0.90s)
[01:47:54] 📡 Whisper processing...
[01:47:55] 🔴 Recording started
[01:47:55] ✅ Transcription: 'Bye, Sarah.'
[01:47:55] 💭 GPT processing...
[01:47:56] ✅ Response: 'Bye! Take care and have a wonderful day. What will you do today?'
[01:47:56] ⚫ Audio sent (0.93s)
[01:47:56] 📡 Whisper processing...
[01:47:57] ✅ Transcription: 'That's a lovely name.'
[01:47:57] 💭 GPT processing...
[01:47:57] ✅ Response: 'Thank you! What's your favorite name?'
[01:47:57] ✓ Playback finished
[01:47:58] 🔴 Recording started
[01:47:58] 🎙️  TTS processing...
[01:47:58] Shutdown initiated
[01:48:00] ▶️  Playing (2.7s)
[01:48:00] Session saved successfully
[01:48:00] ============================================================
[01:48:03] ✓ Playback finished
