[02:03:25.675] ============================================================
[02:03:25.676] Concurrent mode - James
[02:03:25.676] ============================================================
[02:03:25.679] 🎤 Microphone started
[02:03:25.729] 📝 Transcription started
[02:03:25.780] 🧠 GPT started
[02:03:25.831] 🔊 Playback started
[02:03:26.882] Ready
[02:03:28.290] ⏱️  TTS: 2.41s
[02:03:30.971] ⏱️  Whisper: 0.92s
[02:03:30.971] ✅ 'with.'
[02:03:31.812] ⏱️  GPT: 0.84s
[02:03:33.641] ⏱️  TTS: 1.83s
[02:03:42.351] ⏱️  Whisper: 0.75s
[02:03:42.351] ✅ 'Hello.'
[02:03:43.087] ⏱️  GPT: 0.73s
[02:03:44.929] ⏱️  TTS: 1.84s
[02:03:58.694] ⏱️  Whisper: 1.59s
[02:03:58.694] 🔄 Echo: 'Hello.'
[02:04:04.367] ⏱️  Whisper: 0.78s
[02:04:04.367] ✅ 'Can you talk about...'
[02:04:05.423] ⏱️  GPT: 1.05s
[02:04:06.326] ⏱️  TTS: 0.90s
[02:04:11.969] ⏱️  Whisper: 1.02s
[02:04:11.969] ✅ 'Can you talk about Benjamin Franklin?'
[02:04:12.770] ⏱️  GPT: 0.80s
[02:04:14.866] ⏱️  TTS: 2.09s
[02:04:19.037] ⏱️  Whisper: 0.92s
[02:04:19.039] ✅ 'Can I add something?'
[02:04:19.916] ⏱️  GPT: 0.88s
[02:04:21.077] ⏱️  Whisper: 0.81s
[02:04:21.077] 🔄 Echo: 'Can I ask something?'
[02:04:27.929] ❌ Playback: 
[02:04:41.680] ⏱️  TTS: 21.76s
[02:04:44.213] ⏱️  Whisper: 0.88s
[02:04:44.215] 🔄 Echo: 'Hello.'
[02:05:37.353] Session saved
