[02:07:26.142] ============================================================
[02:07:26.142] Session with Amelia
[02:07:26.142] ============================================================
[02:07:26.144] 🎤 Microphone started
[02:07:26.188] 🔴 Recording
[02:07:26.195] 📝 Transcription started
[02:07:26.246] 🧠 GPT started
[02:07:26.296] 🔊 Playback started
[02:07:27.347] Ready
[02:07:28.641] ⏱️  TTS: 2.29s
[02:07:30.688] 🔴 Recording
[02:07:33.451] ⏱️  Whisper: 1.59s
[02:07:33.451] ✅ 'My name's Oluf.'
[02:07:34.134] ⏱️  GPT: 0.68s
[02:07:36.154] ⏱️  TTS: 2.02s
[02:07:39.141] 🔴 Recording
[02:07:42.458] ⏱️  Whisper: 1.18s
[02:07:42.458] ✅ 'I want to talk about Benjamin Franklin.'
[02:07:43.198] ⏱️  GPT: 0.74s
[02:07:45.001] ⏱️  TTS: 1.80s
[02:07:47.125] 🔴 Recording
[02:07:49.997] ⏱️  Whisper: 1.16s
[02:07:49.998] ✅ 'Can I ask you something?'
[02:07:50.691] ⏱️  GPT: 0.69s
[02:07:53.880] ⏱️  TTS: 3.19s
[02:07:56.308] 🔴 Recording
[02:07:56.786] 🔴 Recording
[02:08:01.580] ⏱️  Whisper: 1.07s
[02:08:01.581] ✅ 'Can you talk about George Washington more?'
[02:08:02.504] ⏱️  GPT: 0.92s
[02:08:05.300] ⏱️  TTS: 2.80s
[02:08:05.421] 🔴 Recording
[02:08:10.740] ⏱️  Whisper: 1.95s
[02:08:10.740] ✅ 'Can you talk about he's born and die all life?'
[02:08:11.638] ⏱️  GPT: 0.90s
[02:08:15.112] ⏱️  TTS: 3.47s
[02:08:17.875] 🔴 Recording
[02:08:18.892] 🔴 Recording
[02:08:19.729] ⏱️  Whisper: 1.01s
[02:08:19.731] ✅ 'Wait.'
[02:08:20.715] ⏱️  GPT: 0.98s
[02:08:22.665] ⏱️  TTS: 1.95s
[02:08:27.506] 🔴 Recording
[02:08:29.750] 🔴 Recording
[02:08:31.284] 🔴 Recording
[02:08:31.762] 🔴 Recording
[02:08:32.758] 🔴 Recording
[02:08:33.927] 🔴 Recording
[02:08:34.912] 🔴 Recording
[02:08:35.694] 🔴 Recording
[02:08:36.537] 🔴 Recording
[02:08:37.228] 🔴 Recording
[02:08:37.827] 🔴 Recording
[02:08:38.874] 🔴 Recording
[02:08:59.899] Session saved
