[02:25:27.372] ============================================================
[02:25:27.372] Session: Sarah
[02:25:27.372] ============================================================
[02:25:27.373] 🎤 Microphone started
[02:25:27.421] 🔴 Recording
[02:25:27.424] 📝 Transcription started
[02:25:27.474] 🧠 GPT started
[02:25:27.525] 🔊 Playback started
[02:25:28.576] Ready
[02:25:28.852] ⏱️  TTS: 1.28s
[02:25:45.087] 🔴 Recording
[02:25:46.763] 🔴 Recording
[02:25:50.725] 🔴 Recording
[02:25:56.941] 🔴 Recording
[02:26:01.290] 🔴 Recording
[02:26:03.515] ⏱️  Whisper: 0.81s
[02:26:03.516] ✅ 'You don't understand.'
[02:26:04.136] 💭 Thinking
[02:26:04.921] ⏱️  GPT: 0.79s
[02:26:05.264] ⏸️ Ready to speak
[02:26:07.871] ⏱️  TTS: 2.61s
[02:26:09.092] 🔴 Recording
[02:26:09.956] 🔴 Recording
[02:26:12.352] 🔴 Recording
[02:26:12.816] ⏱️  Whisper: 0.57s
[02:26:12.816] ✅ 'Yes, something missed here.'
[02:26:13.478] 💭 Thinking
[02:26:14.271] ⏱️  GPT: 0.79s
[02:26:14.677] ⏸️ Ready to speak
[02:26:14.727] ⏱️  Whisper: 0.83s
[02:26:14.729] ✅ 'Please, stop.'
[02:26:15.245] 💭 Thinking
[02:26:16.254] ⏱️  GPT: 1.01s
[02:26:16.515] ⏸️ Ready to speak
[02:26:17.109] ⏱️  TTS: 2.43s
[02:26:19.017] 🔴 Recording
[02:26:19.316] ⏱️  TTS: 2.19s
[02:26:19.920] 🔴 Recording
[02:26:22.856] 🔴 Recording
[02:26:24.422] 🔴 Recording
[02:26:29.094] 🔴 Recording
[02:26:29.369] ⏱️  Whisper: 2.25s
[02:26:29.369] ✅ 'Wait. When I say wait, stop.'
[02:26:29.941] 💭 Thinking
[02:26:30.628] 🔴 Recording
[02:26:30.783] ⏱️  GPT: 0.84s
[02:26:30.966] ⏸️ Ready to speak
[02:26:31.919] 🔴 Recording
[02:26:32.843] 🔴 Recording
[02:26:33.969] ⏱️  TTS: 3.00s
[02:26:35.251] 🔴 Recording
[02:26:39.832] 🔴 Recording
[02:26:40.988] ⏱️  Whisper: 1.16s
[02:26:40.990] ✅ 'Just let me know when you're ready to continue or if there's'
[02:26:41.184] 🔴 Recording
[02:26:41.593] 💭 Thinking
[02:26:42.426] ⏱️  GPT: 0.83s
[02:26:42.727] ⏸️ Ready to speak
[02:26:44.820] 🔴 Recording
[02:26:45.995] ⏱️  TTS: 3.27s
[02:26:46.435] 🔴 Recording
[02:26:47.909] 🔴 Recording
[02:26:48.362] Session saved
