[02:05:43.719] ============================================================
[02:05:43.719] Session with James
[02:05:43.719] ============================================================
[02:05:43.720] 🎤 Microphone started
[02:05:43.771] 📝 Transcription started
[02:05:43.822] 🧠 GPT started
[02:05:43.872] 🔊 Playback started
[02:05:44.923] Ready
[02:05:45.220] ⏱️  TTS: 1.30s
[02:05:50.086] ⏱️  Whisper: 1.07s
[02:05:50.088] ✅ 'Hello, my name is Ouz.'
[02:05:50.742] ⏱️  GPT: 0.65s
[02:05:51.688] ⏱️  TTS: 0.95s
[02:05:54.615] ⏱️  Whisper: 0.71s
[02:05:54.617] ✅ 'Wait.'
[02:05:55.292] ⏱️  GPT: 0.68s
[02:05:56.989] ⏱️  TTS: 1.70s
[02:05:59.793] ⏱️  Whisper: 1.05s
[02:05:59.794] ✅ 'Can you talk about Benjamin Franklin?'
[02:06:00.400] ⏱️  GPT: 0.61s
[02:06:01.970] ⏱️  TTS: 1.57s
[02:06:07.105] ⏱️  Whisper: 0.51s
[02:06:07.105] ✅ 'Can I ask you?'
[02:06:08.068] ⏱️  GPT: 0.96s
[02:06:08.120] Session saved
