[01:42:11.413] ============================================================
[01:42:11.415] 🎓 Starting with noise filtering + single-word support
[01:42:11.415] ============================================================
[01:42:11.415] Teacher: James
[01:42:11.415] Features: Fan noise filtering + Single word support + Speech validation
[01:42:11.416] 🎤 Microphone thread started
[01:42:11.462] 🔴 Recording started
[01:42:11.517] 📝 Transcription thread started
[01:42:11.617] 🧠 GPT thread started
[01:42:11.718] 🔊 Playback thread started
[01:42:11.819] 🎙️  TTS API...
[01:42:12.317] 🔇 NOISE/FAN detected (0.84s) - skipped
[01:42:12.819] Ready for conversation
[01:42:13.584] ▶️  Playing (2.3s)...
[01:42:15.529] Waiting for audio...
[01:42:15.638] Waiting for transcription...
[01:42:15.966] ✓ Playback finished
[01:42:16.043] 🔴 Recording started
[01:42:17.943] 🔇 NOISE/FAN detected (1.89s) - skipped
[01:42:19.549] Waiting for audio...
[01:42:19.657] Waiting for transcription...
[01:42:20.284] Waiting for TTS...
[01:42:21.956] Listening... (frames: 0, energy: 0.049530)
[01:42:22.077] 🔴 Recording started
[01:42:23.216] 🔇 NOISE/FAN detected (1.14s) - skipped
[01:42:23.562] Waiting for audio...
[01:42:23.671] Waiting for transcription...
[01:42:24.297] Waiting for TTS...
[01:42:24.475] 🔴 Recording started
[01:42:26.193] 🔇 NOISE/FAN detected (1.71s) - skipped
[01:42:27.569] Waiting for audio...
[01:42:27.679] Waiting for transcription...
[01:42:27.686] 🔴 Recording started
[01:42:28.304] Waiting for TTS...
[01:42:28.528] 🔇 NOISE/FAN detected (0.84s) - skipped
[01:42:29.311] 🔴 Recording started
[01:42:30.235] 🔇 NOISE/FAN detected (0.93s) - skipped
[01:42:31.594] Waiting for audio...
[01:42:31.705] Waiting for transcription...
[01:42:32.313] Waiting for TTS...
[01:42:34.258] Listening... (frames: 0, energy: 0.040527)
[01:42:35.614] Waiting for audio...
[01:42:35.725] Waiting for transcription...
[01:42:36.332] Waiting for TTS...
[01:42:36.361] 🔴 Recording started
[01:42:39.174] 🔇 NOISE/FAN detected (2.82s) - skipped
[01:42:39.296] 🔴 Recording started
[01:42:39.628] Waiting for audio...
[01:42:39.737] Waiting for transcription...
[01:42:40.360] Waiting for TTS...
[01:42:42.152] 🔇 NOISE/FAN detected (2.85s) - skipped
[01:42:42.182] 🔴 Recording started
[01:42:43.658] Waiting for audio...
[01:42:43.751] Waiting for transcription...
[01:42:44.361] Waiting for TTS...
[01:42:45.333] 💾 Recording saved: recordings/recording_0001.wav
[01:42:45.333] ⚫ Audio sent (50400 samples, 3.15s)
[01:42:45.333] 📊 Audio: energy=0.023779, duration=3.15s
[01:42:45.335] 📡 Whisper API...
[01:42:45.595] 🔴 Recording started
[01:42:47.765] Waiting for transcription...
[01:42:47.927] 📝 Whisper: '' (0 words)
[01:42:47.929] ⚠️  Invalid speech pattern - rejected
[01:42:48.377] Waiting for TTS...
[01:42:48.930] 💾 Recording saved: recordings/recording_0002.wav
[01:42:48.930] ⚫ Audio sent (53280 samples, 3.33s)
[01:42:48.930] 📊 Audio: energy=0.023848, duration=3.33s
[01:42:48.931] 📡 Whisper API...
[01:42:51.023] 📝 Whisper: '' (0 words)
[01:42:51.023] ⚠️  Invalid speech pattern - rejected
[01:42:51.786] Waiting for transcription...
[01:42:52.395] Waiting for TTS...
[01:42:52.950] Listening... (frames: 0, energy: 0.043579)
[01:42:55.049] Waiting for audio...
[01:42:55.808] Waiting for transcription...
[01:42:56.414] Waiting for TTS...
[01:42:56.972] Listening... (frames: 0, energy: 0.039520)
[01:42:59.068] Waiting for audio...
[01:42:59.825] Waiting for transcription...
[01:43:00.435] Waiting for TTS...
[01:43:00.986] Listening... (frames: 0, energy: 0.040497)
[01:43:03.087] Waiting for audio...
[01:43:03.853] Waiting for transcription...
[01:43:04.460] Waiting for TTS...
[01:43:05.009] Listening... (frames: 0, energy: 0.040527)
[01:43:07.104] Waiting for audio...
[01:43:07.869] Waiting for transcription...
[01:43:08.467] Waiting for TTS...
[01:43:08.818] 🔴 Recording started
[01:43:09.723] 🔇 NOISE/FAN detected (0.90s) - skipped
[01:43:11.111] Waiting for audio...
[01:43:11.892] Waiting for transcription...
[01:43:12.488] Waiting for TTS...
[01:43:13.735] Listening... (frames: 0, energy: 0.040192)
[01:43:15.122] Waiting for audio...
[01:43:15.919] Waiting for transcription...
[01:43:16.021] 🔴 Recording started
[01:43:16.514] Waiting for TTS...
[01:43:16.854] 🔇 NOISE/FAN detected (0.84s) - skipped
[01:43:19.147] Waiting for audio...
[01:43:19.930] Waiting for transcription...
[01:43:20.535] Waiting for TTS...
[01:43:20.877] Listening... (frames: 0, energy: 0.041748)
[01:43:23.163] Waiting for audio...
[01:43:23.941] Waiting for transcription...
[01:43:24.548] Waiting for TTS...
[01:43:24.899] Listening... (frames: 0, energy: 0.043152)
[01:43:26.636] 🔴 Recording started
[01:43:27.178] Waiting for audio...
[01:43:27.479] 🔇 NOISE/FAN detected (0.84s) - skipped
[01:43:27.956] Waiting for transcription...
[01:43:28.465] 🔴 Recording started
[01:43:28.557] Waiting for TTS...
[01:43:29.309] 🔇 NOISE/FAN detected (0.84s) - skipped
[01:43:30.599] 🔴 Recording started
[01:43:31.197] Waiting for audio...
[01:43:31.441] 🔇 NOISE/FAN detected (0.84s) - skipped
[01:43:31.976] Waiting for transcription...
[01:43:32.585] Waiting for TTS...
[01:43:35.211] Waiting for audio...
[01:43:35.454] Listening... (frames: 0, energy: 0.038696)
[01:43:35.991] Waiting for transcription...
[01:43:36.541] 🔴 Recording started
[01:43:36.596] Waiting for TTS...
[01:43:37.233] KeyboardInterrupt
[01:43:38.599] Session #3 saved
[01:43:38.601] ============================================================
[01:43:38.601] Shutdown complete
[01:43:38.601] ============================================================
[01:43:39.238] Waiting for audio...
