[01:37:14] ============================================================
[01:37:14] 🎓 Starting English Lesson
[01:37:14] ============================================================
[01:37:14] Teacher: Sarah
[01:37:14] Level: A2
[01:37:14] Sessions completed: 0
[01:37:14] 🎤 Microphone thread started
[01:37:14] 📝 Transcription thread started
[01:37:14] 🧠 GPT thread started
[01:37:14] 🔊 Playback thread started
[01:37:14] 🎙️  TTS: 'Hi! I'm Sarah. Ready to learn English?...'
[01:37:15] Ready for conversation
[01:37:16] ▶️  Playing (2.4s)...
[01:37:18] Waiting for audio...
[01:37:18] Waiting for transcription...
[01:37:19] ✓ Playback finished
[01:37:22] Waiting for audio...
[01:37:22] Waiting for transcription...
[01:37:23] Waiting for TTS...
[01:37:26] Waiting for audio...
[01:37:26] Waiting for transcription...
[01:37:27] Waiting for TTS...
[01:37:30] Waiting for audio...
[01:37:30] Waiting for transcription...
[01:37:31] Waiting for TTS...
[01:37:34] Waiting for audio...
[01:37:34] Waiting for transcription...
[01:37:35] Waiting for TTS...
[01:37:38] Waiting for audio...
[01:37:38] Waiting for transcription...
[01:37:39] Waiting for TTS...
[01:37:42] Waiting for audio...
[01:37:42] Waiting for transcription...
[01:37:43] Waiting for TTS...
[01:37:44] KeyboardInterrupt received
[01:37:45] Session #1 saved
[01:37:45] ============================================================
[01:37:45] Program shutdown complete
[01:37:45] ============================================================
