[01:51:49] ============================================================
[01:51:49] Session started with Amelia
[01:51:49] ============================================================
[01:51:49] 🎤 Microphone started
[01:51:49] 🔴 Recording started
[01:51:49] 📝 Transcription started
[01:51:49] 🧠 GPT started
[01:51:49] 🔊 Playback started
[01:51:49] 🎙️  TTS processing...
[01:51:50] 🔇 No speech detected
[01:51:51] Ready for conversation
[01:51:52] ▶️  Playing (2.3s)
[01:51:54] 🔴 Recording (during playback)
[01:51:54] ✓ Playback finished
[01:51:55] ⚫ Audio sent (1.23s)
[01:51:55] 📡 Whisper processing...
[01:51:55] ✅ Transcription: 'Great.'
[01:51:55] 💭 GPT processing...
[01:52:04] ✅ Response: 'I'm glad to hear that! What would you like to learn today?'
[01:52:04] 🎙️  TTS processing...
[01:52:06] ▶️  Playing (3.6s)
[01:52:09] 🔴 Recording (during playback)
[01:52:10] ✓ Playback finished
[01:52:10] ⚫ Audio sent (1.26s)
[01:52:10] 📡 Whisper processing...
[01:52:11] ✅ Transcription: 'Great.'
[01:52:11] 💭 GPT processing...
[01:52:12] ✅ Response: 'I'm happy you're feeling positive! What topic interests you?'
[01:52:12] 🎙️  TTS processing...
[01:52:14] ▶️  Playing (3.6s)
[01:52:16] 🔴 Recording (during playback)
[01:52:18] ✓ Playback finished
[01:52:19] ⚫ Audio sent (2.85s)
[01:52:19] 📡 Whisper processing...
[01:52:19] ✅ Transcription: 'Can you speak Turkish to me now?'
[01:52:19] 💭 GPT processing...
[01:52:20] ✅ Response: 'I can only communicate in English, but I'm here to help you practice! What English topic would you like to discuss?'
[01:52:20] 🎙️  TTS processing...
[01:52:23] 🔴 Recording started
[01:52:23] ▶️  Playing (6.8s)
[01:52:24] ⚫ Audio sent (1.71s)
[01:52:24] 📡 Whisper processing...
[01:52:26] ✅ Transcription: 'Speak Turkish.'
[01:52:26] 💭 GPT processing...
[01:52:27] ✅ Response: 'I can only help in English, but let's work together to improve your skills! What English question do you have?'
[01:52:28] 🔴 Recording (during playback)
[01:52:29] 🔇 No speech detected
[01:52:29] 🔴 Recording (during playback)
[01:52:30] ✓ Playback finished
[01:52:30] ⚫ Audio sent (1.32s)
[01:52:30] 📡 Whisper processing...
[01:52:30] 🎙️  TTS processing...
[01:52:32] ✅ Transcription: 'future.'
[01:52:32] 💭 GPT processing...
[01:52:32] ▶️  Playing (7.2s)
[01:52:32] ✅ Response: 'The future tense is used to talk about something that will happen later. What would you like to know about the future tense?'
[01:52:36] 🔴 Recording (during playback)
[01:52:37] ⚫ Audio sent (1.26s)
[01:52:37] 📡 Whisper processing...
[01:52:37] 🔴 Recording (during playback)
[01:52:38] ✅ Transcription: 'Baker'
[01:52:38] 💭 GPT processing...
[01:52:38] 🔇 No speech detected
[01:52:39] 🔴 Recording (during playback)
[01:52:39] ✅ Response: '"The baker will bake fresh bread tomorrow" is an example of using the future tense. Do you have a sentence you'd like to try?'
[01:52:40] 🔇 No speech detected
[01:52:40] ✓ Playback finished
[01:52:40] 🎙️  TTS processing...
[01:52:41] 🔴 Recording started
[01:52:42] 🔇 No speech detected
[01:52:43] ▶️  Playing (8.1s)
[01:52:43] 🔴 Recording (during playback)
[01:52:44] 🔇 No speech detected
[01:52:45] 🔴 Recording (during playback)
[01:52:46] 🔇 No speech detected
[01:52:47] 🔴 Recording (during playback)
[01:52:49] 🔇 No speech detected
[01:52:49] 🔴 Recording (during playback)
[01:52:51] ✓ Playback finished
[01:52:51] 🎙️  TTS processing...
[01:52:53] ⚫ Audio sent (4.53s)
[01:52:53] 📡 Whisper processing...
[01:52:53] 🔴 Recording started
[01:52:54] ✅ Transcription: 'I'll see you in the next video. Bye.'
[01:52:54] 💭 GPT processing...
[01:52:55] ▶️  Playing (7.5s)
[01:52:55] ✅ Response: 'Great sentence! Keep practicing, and I'll be here when you're ready. What will you learn next?'
[01:52:56] ⚫ Audio sent (3.18s)
[01:52:56] 📡 Whisper processing...
[01:52:57] 🔴 Recording (during playback)
[01:52:57] ⚠️  Skipped invalid text
[01:52:58] ⚫ Audio sent (1.92s)
[01:52:58] 📡 Whisper processing...
[01:52:59] 🔴 Recording (during playback)
[01:53:00] ⚠️  Skipped invalid text
[01:53:02] ✓ Playback finished
[01:53:02] 🎙️  TTS processing...
[01:53:04] ▶️  Playing (5.5s)
[01:53:08] ⚫ Audio sent (9.18s)
[01:53:08] 📡 Whisper processing...
[01:53:08] 🔴 Recording (during playback)
[01:53:10] ⚠️  Skipped invalid text
[01:53:10] ✓ Playback finished
[01:53:11] ⚫ Audio sent (3.15s)
[01:53:11] 📡 Whisper processing...
[01:53:12] ✅ Transcription: 'So, what would you learn about this?'
[01:53:12] 💭 GPT processing...
[01:53:13] ✅ Response: 'I'm here to help you, so I'll focus on learning how to better assist with your English questions. What topic are you curious about next?'
[01:53:13] 🎙️  TTS processing...
[01:53:16] 🔴 Recording started
[01:53:16] Shutdown initiated
[01:53:17] ▶️  Playing (8.9s)
