[02:13:41.083] ============================================================
[02:13:41.083] Session: Amelia
[02:13:41.083] ============================================================
[02:13:41.084] 🎤 Microphone started
[02:13:41.126] 🔴 Recording
[02:13:41.135] 📝 Transcription started
[02:13:41.185] 🧠 GPT started
[02:13:41.236] 🔊 Playback started
[02:13:42.287] Ready
[02:13:43.005] ⏱️  TTS: 1.72s
[02:13:44.286] 🔴 Recording
[02:13:51.751] 🔴 Recording
[02:13:56.852] 🔴 Recording
[02:14:06.543] 🔴 Recording
[02:14:10.988] ⏱️  Whisper: 0.81s
[02:14:10.989] ✅ 'Hello, can you tease me, how can I talk English?'
[02:14:11.655] 💭 Thinking 0.7s
[02:14:12.334] 🔴 Recording
[02:14:12.989] ⏱️  GPT: 1.33s
[02:14:12.994] 🔴 Recording
[02:14:13.461] ⏸️  Pause 0.5s
[02:14:13.623] 🔴 Recording
[02:14:15.512] 🔴 Recording
[02:14:17.007] 🔴 Recording
[02:14:17.464] ⏱️  TTS: 4.00s
[02:14:20.551] 🔴 Recording
[02:14:22.381] 🔴 Recording
[02:14:27.033] 🔴 Recording
[02:14:28.588] 🔴 Recording
[02:14:29.491] 🔴 Recording
[02:14:30.781] 🔴 Recording
[02:14:35.791] 🔴 Recording
[02:14:38.371] 🔴 Recording
[02:14:39.304] 🔴 Recording
[02:14:42.515] 🔴 Recording
[02:14:47.696] 🔴 Recording
[02:14:53.547] 🔴 Recording
[02:14:55.668] ⏱️  Whisper: 2.20s
[02:14:57.001] 🔴 Recording
[02:14:59.105] 🔴 Recording
[02:15:01.319] 🔴 Recording
[02:15:16.832] 🔴 Recording
[02:15:19.534] 🔴 Recording
[02:15:20.397] 🔴 Recording
[02:15:45.153] 🔴 Recording
[02:15:46.084] Saved
