[01:57:03] ============================================================
[01:57:03] Started with Sarah
[01:57:03] ============================================================
[01:57:03] 🎤 Microphone started
[01:57:03] 📝 Transcription started
[01:57:03] 🧠 GPT started
[01:57:03] 🔊 Playback started
[01:57:04] Ready
[01:57:14] ✅ 'Hello.'
[01:57:20] ✅ 'I am great, you?'
[01:57:33] ✅ 'bit.'
[01:57:39] ✅ 'you'
[01:57:47] ✅ 'No, no, no, no.'
[01:57:56] ✅ 'talk about history.'
[01:58:03] ✅ 'zero.'
[01:58:12] ✅ 'Can you talk more?'
[01:58:24] ✅ 'About water, you can talk about the chemistry of water.'
[01:58:27] ✅ 'you'
[01:58:46] ✅ 'Bye.'
[01:58:54] ✅ 'Bye.'
[01:59:08] Session saved
