[01:28:50] ============================================================
[01:28:50] 🎓 Starting English Lesson
[01:28:50] ============================================================
[01:28:50] Teacher: James
[01:28:50] Level: A2
[01:28:50] 🎤 Microphone thread started
[01:28:50] 🔴 Recording started
[01:28:50] 📝 Transcription thread started
[01:28:50] 🧠 GPT thread started
[01:28:50] 🔊 Playback thread started
[01:28:51] ⚠️  Audio too short (0.72s), rejected
[01:28:52] Ready for conversation
[01:28:52] 🔴 Recording started
[01:28:54] ⚫ Audio sent (19200 samples)
[01:28:54] 📡 Sending to Whisper API...
[01:28:54] Waiting for response...
[01:28:55] Waiting for transcription...
[01:28:55] ⚠️  Text too short (1 words), rejected
[01:28:56] 🔴 Recording started
[01:28:57] ⚫ Audio sent (18240 samples)
[01:28:57] 📡 Sending to Whisper API...
[01:28:58] Waiting for response...
[01:28:59] ⚠️  Text too short (1 words), rejected
[01:28:59] Waiting for transcription...
[01:29:00] 🔴 Recording started
[01:29:02] ⚫ Audio sent (26880 samples)
[01:29:02] 📡 Sending to Whisper API...
[01:29:02] Waiting for response...
[01:29:03] Waiting for transcription...
[01:29:03] ✅ Valid transcription: 'Hello, how are you?'
[01:29:06] Listening... (frames: 0, energy: 0.0213)
[01:29:07] Waiting for transcription...
[01:29:07] Waiting for audio...
[01:29:07] Waiting for response...
[01:29:10] Listening... (frames: 0, energy: 0.0177)
[01:29:11] Waiting for transcription...
[01:29:11] Waiting for response...
[01:29:11] Waiting for audio...
[01:29:14] Listening... (frames: 0, energy: 0.0203)
[01:29:15] Waiting for transcription...
[01:29:15] Waiting for audio...
[01:29:15] Waiting for response...
[01:29:16] 🔴 Recording started
[01:29:17] ⚠️  Audio too short (0.69s), rejected
[01:29:18] 🔴 Recording started
[01:29:19] Waiting for transcription...
[01:29:19] Waiting for response...
[01:29:19] ⚫ Audio sent (24480 samples)
[01:29:19] 📡 Sending to Whisper API...
[01:29:20] ✅ Valid transcription: 'Aloha, how are you?'
[01:29:20] Got: 'Aloha, how are you?...'
[01:29:20] 💭 Thinking...
[01:29:21] ✅ Response: 'Aloha! I'm doing well, thank you. How about you?...'
[01:29:23] Listening... (frames: 0, energy: 0.0200)
[01:29:24] Waiting for audio...
[01:29:25] Waiting for response...
[01:29:25] Waiting for transcription...
[01:29:26] 🔴 Recording started
[01:29:26] ⚠️  Audio too short (0.69s), rejected
[01:29:28] 🔴 Recording started
[01:29:28] Waiting for audio...
[01:29:29] ⚠️  Audio too short (0.69s), rejected
[01:29:29] Waiting for response...
[01:29:29] Waiting for transcription...
[01:29:30] 🔴 Recording started
[01:29:31] ⚫ Audio sent (18240 samples)
[01:29:31] 📡 Sending to Whisper API...
[01:29:32] 🔴 Recording started
[01:29:33] ✅ Valid transcription: 'This is an English language learning conversation between a student and teacher.'
[01:29:33] ⚫ Audio sent (24960 samples)
[01:29:33] 📡 Sending to Whisper API...
[01:29:33] Waiting for transcription...
[01:29:34] ✅ Valid transcription: 'Learn English for free www.engvid.com'
[01:29:36] Waiting for response...
[01:29:37] Listening... (frames: 0, energy: 0.0276)
[01:29:37] Waiting for transcription...
[01:29:38] Waiting for audio...
[01:29:40] Waiting for response...
[01:29:41] Listening... (frames: 0, energy: 0.0255)
[01:29:41] Waiting for transcription...
[01:29:42] Waiting for audio...
[01:29:43] 🔴 Recording started
[01:29:43] KeyboardInterrupt received
[01:29:44] Waiting for response...
