[01:49:26] ============================================================
[01:49:26] Session started with Sarah
[01:49:26] ============================================================
[01:49:26] 🎤 Microphone started
[01:49:26] 🔴 Recording started
[01:49:26] 📝 Transcription started
[01:49:26] 🧠 GPT started
[01:49:26] 🔊 Playback started
[01:49:27] 🎙️  TTS processing...
[01:49:27] 🔇 No speech detected
[01:49:28] Ready for conversation
[01:49:29] ▶️  Playing (2.4s)
[01:49:31] ✓ Playback finished
[01:49:31] 🔴 Recording started
[01:49:32] ⚫ Audio sent (0.96s)
[01:49:32] 📡 Whisper processing...
[01:49:33] ✅ Transcription: 'Peace.'
[01:49:33] 💭 GPT processing...
[01:49:34] ✅ Response: 'Hello! How can I help you today?'
[01:49:34] 🎙️  TTS processing...
[01:49:36] ▶️  Playing (2.1s)
[01:49:38] ✓ Playback finished
[01:49:38] 🔴 Recording started
[01:49:43] ⚫ Audio sent (4.53s)
[01:49:43] 📡 Whisper processing...
[01:49:44] ✅ Transcription: 'Can you talk about English language?'
[01:49:44] 💭 GPT processing...
[01:49:45] ✅ Response: 'Of course! English is a widely spoken language with a rich history and many words borrowed from other languages. What would you like to know more about?'
[01:49:45] 🎙️  TTS processing...
[01:49:49] ▶️  Playing (10.1s)
[01:49:59] ✓ Playback finished
[01:50:10] 🔴 Recording started
[01:50:11] ⚫ Audio sent (1.23s)
[01:50:11] 📡 Whisper processing...
[01:50:12] ✅ Transcription: 'Hello?'
[01:50:12] 💭 GPT processing...
[01:50:13] ✅ Response: 'Hi there! How can I assist you today with English?'
[01:50:13] 🎙️  TTS processing...
[01:50:15] ▶️  Playing (3.3s)
[01:50:18] ✓ Playback finished
[01:50:18] 🔴 Recording started
[01:50:22] ⚫ Audio sent (4.05s)
[01:50:22] 📡 Whisper processing...
[01:50:23] ✅ Transcription: 'English borrowed another words from another language.'
[01:50:23] 💭 GPT processing...
[01:50:24] ✅ Response: 'Yes, English has borrowed many words from languages like French, Latin, and German. Do you have a favorite borrowed word?'
[01:50:24] 🎙️  TTS processing...
[01:50:26] ▶️  Playing (7.8s)
[01:50:33] ✓ Playback finished
[01:50:34] 🔴 Recording started
[01:50:39] ⚫ Audio sent (4.35s)
[01:50:39] 📡 Whisper processing...
[01:50:39] 🔴 Recording started
[01:50:40] ⚠️  Skipped invalid text
[01:50:43] ⚫ Audio sent (3.99s)
[01:50:43] 📡 Whisper processing...
[01:50:43] 🔴 Recording started
[01:50:44] ✅ Transcription: 'I'll see you next time.'
[01:50:44] 💭 GPT processing...
[01:50:45] ✅ Response: 'Great! Looking forward to it. What would you like to discuss next time?'
[01:50:45] 🎙️  TTS processing...
[01:50:47] ▶️  Playing (4.5s)
[01:50:51] ✓ Playback finished
[01:50:52] ⚫ Audio sent (3.72s)
[01:50:52] 📡 Whisper processing...
[01:50:54] ⚠️  Skipped invalid text
[01:50:55] 🔴 Recording started
[01:50:55] 🔇 No speech detected
[01:50:56] 🔴 Recording started
[01:50:57] 🔇 No speech detected
[01:50:57] Shutdown initiated
[01:50:59] Session saved successfully
[01:50:59] ============================================================
