[02:23:08.402] ============================================================
[02:23:08.402] Session: Amelia
[02:23:08.402] ============================================================
[02:23:08.404] 🎤 Microphone started
[02:23:08.449] 🔴 Recording
[02:23:08.454] 📝 Transcription started
[02:23:08.505] 🧠 GPT started
[02:23:08.555] 🔊 Playback started
[02:23:09.606] Ready
[02:23:10.249] 🔴 Recording
[02:23:10.752] ⏱️  TTS: 2.15s
[02:23:12.707] 🔴 Recording
[02:23:14.796] ⏱️  Whisper: 0.89s
[02:23:14.796] ✅ 'whatever'
[02:23:15.280] 💭 Thinking
[02:23:16.075] ⏱️  GPT: 0.80s
[02:23:16.333] ⏸️  Ready to speak
[02:23:18.635] ⏱️  TTS: 2.30s
[02:23:21.138] 🔴 Recording
[02:23:22.216] 🔴 Recording
[02:23:23.630] ⏱️  Whisper: 1.50s
[02:23:23.630] ✅ 'No.'
[02:23:24.318] 💭 Thinking
[02:23:25.216] ⏱️  GPT: 0.90s
[02:23:25.533] ⏸️  Ready to speak
[02:23:27.268] ⏱️  Whisper: 1.87s
[02:23:27.268] ✅ 'I am talking one, two, three, four, five, six'
[02:23:27.856] 💭 Thinking
[02:23:28.939] ⏱️  TTS: 3.41s
[02:23:29.102] ⏱️  GPT: 1.25s
[02:23:29.547] ⏸️  Ready to speak
[02:23:33.174] ⏱️  TTS: 3.63s
[02:23:33.797] 🔴 Recording
[02:23:52.691] 🔴 Recording
[02:23:55.220] 🔴 Recording
[02:23:55.985] ⏱️  Whisper: 1.22s
[02:23:55.987] ✅ 'Numbers can count'
[02:23:56.606] 💭 Thinking
[02:23:57.852] ⏱️  GPT: 1.25s
[02:23:58.350] ⏸️  Ready to speak
[02:23:59.985] 🔴 Recording
[02:24:01.351] ⏱️  TTS: 3.00s
[02:24:01.783] 🔴 Recording
[02:24:03.886] 🔴 Recording
[02:24:10.612] 🔴 Recording
[02:24:17.282] Session saved
