[02:34:13.023] 🎤 Mikrofon dinleniyor...
[02:34:13.073] 🔴 Ses algılandı, kayıt başladı.
[02:34:13.735] ✅ Cümle bitti, işlemeye gönderildi.
[02:34:14.457] ⏱ Whisper çevirisi 0.72 saniye sürdü.
[02:34:17.209] 🔴 Ses algılandı, kayıt başladı.
[02:34:18.377] ✅ Cümle bitti, işlemeye gönderildi.
[02:34:18.967] ⏱ Whisper çevirisi 0.59 saniye sürdü.
[02:34:23.476] 🔴 Ses algılandı, kayıt başladı.
[02:34:25.316] ✅ Cümle bitti, işlemeye gönderildi.
[02:34:25.882] ⏱ Whisper çevirisi 0.57 saniye sürdü.
[02:34:30.800] 🔴 Ses algılandı, kayıt başladı.
[02:34:32.274] ✅ Cümle bitti, işlemeye gönderildi.
[02:34:33.213] ⏱ Whisper çevirisi 0.94 saniye sürdü.
[02:34:36.592] 🔴 Ses algılandı, kayıt başladı.
[02:34:37.608] ✅ Cümle bitti, işlemeye gönderildi.
[02:34:38.479] ⏱ Whisper çevirisi 0.87 saniye sürdü.
[02:34:41.782] 🔴 Ses algılandı, kayıt başladı.
[02:34:45.410] ✅ Cümle bitti, işlemeye gönderildi.
[02:34:47.606] ⏱ Whisper çevirisi 2.20 saniye sürdü.
[02:34:47.607] ⏹️ Durdurma komutu alındı, konuşma kesildi.
