[01:53:55] ============================================================
[01:53:55] Started with James
[01:53:55] ============================================================
[01:53:55] 🎤 Microphone started
[01:53:55] 📝 Transcription started
[01:53:55] 🧠 GPT started
[01:53:55] 🔊 Playback started
[01:53:56] Ready
[01:54:00] ✅ 'Great.'
[01:54:04] ✅ 'I'm sorry.'
[01:54:07] ✅ 'What?'
[01:54:11] ✅ 'Wait'
[01:54:18] ✅ 'I just wondered why you-'
[01:54:19] ✅ 'Help me.'
[01:54:32] ✅ 'Of course.'
[01:54:33] ✅ 'Great.'
[01:54:36] ✅ 'What's on your mind?'
[01:54:40] ✅ 'I'm glad you did.'
[01:54:42] ✅ 'what's next.'
[01:54:46] ✅ 'I'm curious about what you're saying, what do you enjoy?'
[01:54:48] ✅ 'Bye. Bye. Bye. Bye.'
[01:54:52] ✅ 'I appreciate that, what makes it right.'
[01:54:54] Session saved
