[01:55:33] ============================================================
[01:55:33] Started with James
[01:55:33] ============================================================
[01:55:33] 🎤 Microphone started
[01:55:33] 📝 Transcription started
[01:55:33] 🧠 GPT started
[01:55:33] 🔊 Playback started
[01:55:34] Ready
[01:55:36] ✅ 'Hi, I'm.'
[01:55:40] ✅ 'My name is Oz.'
[01:55:41] ✅ 'Hi there.'
[01:55:44] ✅ 'Nice to meet you.'
[01:55:47] ✅ 'Great.'
[01:55:48] ✅ 'below.'
[01:55:55] ✅ 'Glad to hear it.'
[01:55:56] ✅ 'what makes you.'
[01:56:00] ✅ 'We'll talk to you more.'
[01:56:04] ✅ 'I'm happy'
[01:56:07] ✅ 'Why do you say that? What are you glad about?'
[01:56:11] ✅ 'What makes me happy is it's easy.'
[01:56:12] ✅ 'helping others.'
[01:56:13] Session saved
