[02:09:26.153] ============================================================
[02:09:26.153] Session with Amelia
[02:09:26.153] ============================================================
[02:09:26.155] 🎤 Microphone started
[02:09:26.203] 🔴 Recording
[02:09:26.205] 📝 Transcription started
[02:09:26.256] 🧠 GPT started
[02:09:26.307] 🔊 Playback started
[02:09:27.358] Ready
[02:09:27.920] ⏱️  TTS: 1.56s
[02:09:28.661] 🔴 Recording
[02:09:30.538] ⏱️  Whisper: 0.78s
[02:09:30.538] ✅ 'My name's Oz.'
[02:09:31.259] ⏱️  GPT: 0.72s
[02:09:33.243] ⏱️  TTS: 1.98s
[02:09:35.680] 🔴 Recording
[02:09:36.279] 🔴 Recording
[02:09:38.952] 🔴 Recording
[02:09:39.802] ⏱️  Whisper: 0.88s
[02:09:39.803] ✅ 'Can I talk about history about...'
[02:09:40.510] ⏱️  GPT: 0.71s
[02:09:40.882] ⏱️  Whisper: 1.02s
[02:09:42.900] ⏱️  TTS: 2.39s
[02:09:46.775] 🔴 Recording
[02:09:48.753] ⏱️  Whisper: 0.63s
[02:09:48.755] ✅ 'Donald Trump can you too?'
[02:09:49.776] ⏱️  GPT: 1.02s
[02:09:52.147] ⏱️  TTS: 2.37s
[02:09:53.407] 🔴 Recording
[02:09:57.187] 🔴 Recording
[02:09:59.993] ⏱️  Whisper: 1.69s
[02:09:59.995] ✅ 'biography.'
[02:10:00.836] ⏱️  GPT: 0.84s
[02:10:03.286] ⏱️  TTS: 2.45s
[02:10:04.481] 🔴 Recording
[02:10:05.588] 🔴 Recording
[02:10:05.714] ⏱️  Whisper: 0.73s
[02:10:05.716] ✅ 'Wait.'
[02:10:07.854] ⏱️  GPT: 2.14s
[02:10:07.924] ⏱️  Whisper: 1.17s
[02:10:07.925] ✅ 'Can I ask something?'
[02:10:08.555] ⏱️  GPT: 0.62s
[02:10:09.145] ⏱️  TTS: 1.29s
[02:10:10.119] 🔴 Recording
[02:10:11.035] ⏱️  TTS: 1.87s
[02:10:11.380] 🔴 Recording
[02:10:12.009] 🔴 Recording
[02:10:12.760] 🔴 Recording
[02:10:13.746] 🔴 Recording
[02:10:14.142] 🔴 Recording
[02:10:14.619] 🔴 Recording
[02:10:14.924] 🔴 Recording
[02:10:15.554] 🔴 Recording
[02:10:16.204] 🔴 Recording
[02:10:16.925] 🔴 Recording
[02:10:18.398] 🔴 Recording
[02:10:18.907] 🔴 Recording
[02:10:19.364] 🔴 Recording
[02:10:19.933] 🔴 Recording
[02:10:21.252] 🔴 Recording
[02:10:21.608] 🔴 Recording
[02:10:22.513] 🔴 Recording
[02:10:22.991] 🔴 Recording
[02:10:23.467] 🔴 Recording
[02:10:23.884] 🔴 Recording
[02:10:25.062] 🔴 Recording
[02:10:25.327] 🔴 Recording
[02:10:25.662] 🔴 Recording
[02:10:26.616] 🔴 Recording
[02:10:27.643] 🔴 Recording
[02:10:28.028] 🔴 Recording
[02:10:28.415] 🔴 Recording
[02:10:28.750] 🔴 Recording
[02:10:29.411] 🔴 Recording
[02:10:29.705] 🔴 Recording
[02:10:29.949] 🔴 Recording
[02:10:30.365] 🔴 Recording
[02:10:30.457] ⏱️  Whisper: 0.76s
[02:10:30.457] 🔄 Echo: 'You'
[02:10:30.884] 🔴 Recording
[02:10:31.393] 🔴 Recording
[02:10:31.922] ⏱️  Whisper: 1.41s
[02:10:32.113] 🔴 Recording
[02:10:32.833] 🔴 Recording
[02:10:33.576] 🔴 Recording
[02:10:37.213] 🔴 Recording
[02:10:37.963] 🔴 Recording
[02:10:38.888] 🔴 Recording
[02:10:39.731] 🔴 Recording
[02:10:40.535] 🔴 Recording
[02:10:40.809] 🔴 Recording
[02:10:41.347] 🔴 Recording
[02:10:42.039] 🔴 Recording
[02:10:42.343] 🔴 Recording
[02:10:42.729] 🔴 Recording
[02:10:45.126] 🔴 Recording
[02:10:45.665] 🔴 Recording
[02:10:46.122] 🔴 Recording
[02:10:46.417] 🔴 Recording
[02:10:47.321] 🔴 Recording
[02:10:47.798] 🔴 Recording
[02:10:48.244] ⏱️  Whisper: 0.63s
[02:10:48.245] 🔄 Echo: 'You'
[02:10:58.089] 🔴 Recording
[02:11:02.802] 🔴 Recording
[02:11:30.576] 🔴 Recording
[02:11:32.466] 🔴 Recording
[02:11:32.954] 🔴 Recording
[02:11:35.950] 🔴 Recording
[02:11:36.925] Session saved
