[01:39:10] ============================================================
[01:39:10] 🎓 Starting English Lesson
[01:39:10] ============================================================
[01:39:10] Teacher: James
[01:39:10] Level: A2
[01:39:10] Sessions completed: 2
[01:39:10] 🎤 Microphone thread started
[01:39:10] 🔴 Recording started
[01:39:10] 📝 Transcription thread started
[01:39:10] 🧠 GPT thread started
[01:39:10] 🔊 Playback thread started
[01:39:11] 🎙️  TTS: 'Hi! I'm James. Ready to learn English?...'
[01:39:11] ⚠️  Audio too short (0.69s), rejected
[01:39:12] Ready for conversation
[01:39:13] ▶️  Playing (2.3s)...
[01:39:14] Waiting for audio...
[01:39:14] Waiting for transcription...
[01:39:15] Listening... (frames: 0, energy: 0.0446)
[01:39:15] ✓ Playback finished
[01:39:15] 🔴 Recording started
[01:39:17] ⚫ Audio sent (35040 samples)
[01:39:17] 📡 Sending to Whisper API...
[01:39:18] ✅ Valid transcription: 'Yes, I am ready to learn English....'
[01:39:18] Got: 'Yes, I am ready to learn English....'
[01:39:18] 💭 Thinking...
[01:39:19] ✅ Response: 'That's fantastic! What topic would you like to sta...'
[01:39:19] 🎙️  TTS: 'That's fantastic! What topic would you like to sta...'
[01:39:21] ▶️  Playing (3.9s)...
[01:39:21] Listening... (frames: 0, energy: 0.0403)
[01:39:22] Waiting for audio...
[01:39:23] 🔥 USER TALKING - INTERRUPTING PLAYBACK
[01:39:23] ⚡ INTERRUPTED - User started speaking
[01:39:23] Waiting for transcription...
[01:39:23] 🔴 Recording started
[01:39:23] ✓ Playback finished
[01:39:24] ⚫ Audio sent (16800 samples)
[01:39:25] ⚠️  Text too short (1 words), rejected
[01:39:26] 🔴 Recording started
[01:39:27] Waiting for transcription...
[01:39:27] Waiting for TTS...
[01:39:28] ⚫ Audio sent (26400 samples)
[01:39:28] 📡 Sending to Whisper API...
[01:39:28] ✅ Valid transcription: 'Can you talk again?...'
[01:39:28] Got: 'Can you talk again?...'
[01:39:28] 💭 Thinking...
[01:39:29] ✅ Response: 'Of course! What would you like to talk about?...'
[01:39:29] 🎙️  TTS: 'Of course! What would you like to talk about?...'
[01:39:30] ▶️  Playing (2.9s)...
[01:39:32] Listening... (frames: 0, energy: 0.0410)
[01:39:32] 🔥 USER TALKING - INTERRUPTING PLAYBACK
[01:39:32] ⚡ INTERRUPTED - User started speaking
[01:39:32] ✓ Playback finished
[01:39:32] 🔴 Recording started
[01:39:32] Waiting for audio...
[01:39:33] Waiting for transcription...
[01:39:33] ⚫ Audio sent (18240 samples)
[01:39:33] 📡 Sending to Whisper API...
[01:39:34] ⚠️  Text too short (1 words), rejected
[01:39:36] Waiting for TTS...
[01:39:37] Waiting for transcription...
[01:39:37] Listening... (frames: 0, energy: 0.0410)
[01:39:37] 🔴 Recording started
[01:39:38] Waiting for audio...
[01:39:40] Waiting for TTS...
[01:39:40] ⚫ Audio sent (51360 samples)
[01:39:40] 📡 Sending to Whisper API...
[01:39:41] Waiting for transcription...
[01:39:41] 🔴 Recording started
[01:39:42] ✅ Valid transcription: 'Can I talk a bit about......'
[01:39:42] Got: 'Can I talk a bit about......'
[01:39:42] 💭 Thinking...
[01:39:42] ✅ Response: 'Sure! What would you like to talk about?...'
[01:39:42] 🎙️  TTS: 'Sure! What would you like to talk about?...'
[01:39:42] 🔥 USER TALKING - INTERRUPTING PLAYBACK
[01:39:44] ⚫ Audio sent (43680 samples)
[01:39:44] 📡 Sending to Whisper API...
[01:39:44] ▶️  Playing (2.4s)...
[01:39:44] ✓ Playback finished
[01:39:45] 🔴 Recording started
[01:39:45] ✅ Valid transcription: 'What does it mean?...'
[01:39:45] Got: 'What does it mean?...'
[01:39:45] 💭 Thinking...
[01:39:46] ✅ Response: 'Could you please tell me what you're referring to?...'
[01:39:46] 🎙️  TTS: 'Could you please tell me what you're referring to?...'
[01:39:46] ⚠️  Audio too short (0.69s), rejected
[01:39:48] ▶️  Playing (3.2s)...
[01:39:49] 🔥 USER TALKING - INTERRUPTING PLAYBACK
[01:39:49] Waiting for audio...
[01:39:49] ⚡ INTERRUPTED - User started speaking
[01:39:50] 🔴 Recording started
[01:40:26] Waiting for transcription...
[01:40:26] Listening... (frames: 3, energy: 0.0463)
[01:40:26] Waiting for audio...
