[02:01:04.935] ============================================================
[02:01:04.936] Ultra precision mode - James
[02:01:04.937] ============================================================
[02:01:04.937] 🎤 Microphone started
[02:01:04.989] 📝 Transcription started
[02:01:05.041] 🧠 GPT started
[02:01:05.092] 🔊 Playback started
[02:01:06.144] Ready
[02:01:07.853] ⏱️  TTS: 2.71s
[02:01:12.119] ⏱️  Whisper: 0.80s
[02:01:12.120] ✅ 'Hello?'
[02:01:13.981] ⏱️  GPT: 1.86s
[02:01:14.972] ⏱️  TTS: 0.99s
[02:01:27.017] ⏱️  Whisper: 1.57s
[02:01:27.017] ✅ 'Hello.'
[02:01:27.720] ⏱️  GPT: 0.70s
[02:01:28.752] ⏱️  TTS: 1.03s
[02:01:35.979] ⏱️  Whisper: 2.02s
[02:01:35.980] ✅ 'Can you talk about more topic?'
[02:01:36.573] ⏱️  GPT: 0.59s
[02:01:36.735] ⏱️  Whisper: 0.75s
[02:01:36.736] 🔄 Echo: 'You'
[02:01:38.253] ⏱️  TTS: 1.68s
[02:01:43.386] ⏱️  Whisper: 0.43s
[02:01:43.388] 🔄 Echo: 'you'
[02:01:53.399] ⏱️  Whisper: 2.30s
[02:01:53.399] ✅ 'I can't talk about the music in English.'
[02:01:54.431] ⏱️  GPT: 1.03s
[02:01:55.505] ⏱️  TTS: 1.07s
[02:03:22.910] Session saved
