[01:44:24.311] ============================================================
[01:44:24.311] 🎓 Starting with spectral noise cancellation
[01:44:24.312] ============================================================
[01:44:24.318] Teacher: James
[01:44:24.318] Features: Spectral subtraction noise cancellation
[01:44:24.319] 🎤 Microphone thread started
[01:44:24.369] 🔴 Recording started
[01:44:24.420] 📝 Transcription thread started
[01:44:24.521] 🧠 GPT thread started
[01:44:24.622] 🔊 Playback thread started
[01:44:24.722] 🎙️  TTS API...
[01:44:25.201] 🎧 Applying noise cancellation...
[01:44:25.205] 💾 Cleaned recording saved: recordings/recording_0001.wav
[01:44:25.205] ⚫ Cleaned audio sent (13440 samples, 0.84s)
[01:44:25.205] 📊 Audio: energy=0.245472, duration=0.84s
[01:44:25.205] 📡 Whisper API...
[01:44:25.723] Ready for conversation
[01:44:26.104] 📝 Whisper: 'Learn English for free www.engvid.com' (5 words)
[01:44:26.105] 🔇 Hallucination filtered
[01:44:26.313] ▶️  Playing (2.4s)...
[01:44:28.548] Waiting for transcription...
[01:44:28.686] 🔴 Recording started
[01:44:28.766] ✓ Playback finished
[01:44:30.116] Waiting for audio...
[01:44:31.084] 🎧 Applying noise cancellation...
[01:44:31.089] 💾 Cleaned recording saved: recordings/recording_0002.wav
[01:44:31.089] ⚫ Cleaned audio sent (38400 samples, 2.40s)
[01:44:31.089] 📊 Audio: energy=0.070028, duration=2.40s
[01:44:31.089] 📡 Whisper API...
[01:44:32.037] 📝 Whisper: 'Hello, can I talk with you?' (6 words)
[01:44:32.038] ✅ Valid: 'Hello, can I talk with you?'
[01:44:32.038] 💬 Processing: 'Hello, can I talk with you?'
[01:44:32.038] 🧠 GPT API...
[01:44:32.774] ✅ Response ready
[01:44:32.775] 🎙️  TTS API...
[01:44:34.644] ▶️  Playing (2.4s)...
[01:44:35.107] Listening... (frames: 0, energy: 0.041473)
[01:44:35.889] 🔴 Recording started
[01:44:36.053] Waiting for audio...
[01:44:36.803] Waiting for transcription...
[01:44:37.076] ✓ Playback finished
[01:44:37.209] 🎧 Applying noise cancellation...
[01:44:37.212] 💾 Cleaned recording saved: recordings/recording_0003.wav
[01:44:37.214] ⚫ Cleaned audio sent (21120 samples, 1.32s)
[01:44:37.214] 📊 Audio: energy=0.025815, duration=1.32s
[01:44:37.214] 📡 Whisper API...
[01:44:38.103] 🔴 Recording started
[01:44:38.906] 📝 Whisper: 'Bait' (1 words)
[01:44:38.906] ✅ Valid: 'Bait'
[01:44:38.908] 💬 Processing: 'Bait'
[01:44:38.908] 🧠 GPT API...
[01:44:39.007] 🎧 Applying noise cancellation...
[01:44:39.010] 💾 Cleaned recording saved: recordings/recording_0004.wav
[01:44:39.011] ⚫ Cleaned audio sent (14400 samples, 0.90s)
[01:44:39.011] 📊 Audio: energy=0.007005, duration=0.90s
[01:44:39.012] 📡 Whisper API...
[01:44:39.636] ✅ Response ready
[01:44:39.637] 🎙️  TTS API...
[01:44:40.727] 📝 Whisper: 'Learn English for free www.engvid.com' (5 words)
[01:44:40.727] 🔇 Hallucination filtered
[01:44:40.886] ▶️  Playing (2.4s)...
[01:44:42.157] 🔴 Recording started
[01:44:43.415] ✓ Playback finished
[01:44:43.666] Waiting for transcription...
[01:44:44.309] 🎧 Applying noise cancellation...
[01:44:44.314] 💾 Cleaned recording saved: recordings/recording_0005.wav
[01:44:44.316] ⚫ Cleaned audio sent (34560 samples, 2.16s)
[01:44:44.316] 📊 Audio: energy=0.053006, duration=2.16s
[01:44:44.316] 📡 Whisper API...
[01:44:45.076] 📝 Whisper: 'No, I didn't wait.' (4 words)
[01:44:45.078] ✅ Valid: 'No, I didn't wait.'
[01:44:45.078] 💬 Processing: 'No, I didn't wait.'
[01:44:45.078] 🧠 GPT API...
[01:44:46.305] ✅ Response ready
[01:44:46.305] 🎙️  TTS API...
[01:44:48.333] Listening... (frames: 0, energy: 0.040863)
[01:44:48.978] ▶️  Playing (5.4s)...
[01:44:49.103] Waiting for audio...
[01:44:49.409] 🔴 Recording started
[01:44:50.283] 🎧 Applying noise cancellation...
[01:44:50.288] 💾 Cleaned recording saved: recordings/recording_0006.wav
[01:44:50.288] ⚫ Cleaned audio sent (13920 samples, 0.87s)
[01:44:50.288] 📊 Audio: energy=0.103098, duration=0.87s
[01:44:50.289] 📡 Whisper API...
[01:44:50.322] Waiting for transcription...
[01:44:50.913] 🔴 Recording started
[01:44:50.960] 📝 Whisper: 'English English English English' (4 words)
[01:44:50.961] ✅ Valid: 'English English English English'
[01:44:50.961] 💬 Processing: 'English English English English'
[01:44:50.961] 🧠 GPT API...
[01:44:51.568] ✅ Response ready
[01:44:52.417] 🎧 Applying noise cancellation...
[01:44:52.421] 💾 Cleaned recording saved: recordings/recording_0007.wav
[01:44:52.421] ⚫ Cleaned audio sent (24000 samples, 1.50s)
[01:44:52.422] 📊 Audio: energy=0.040868, duration=1.50s
[01:44:52.422] 📡 Whisper API...
[01:44:53.209] 📝 Whisper: 'This is a trap.' (4 words)
[01:44:53.211] ✅ Valid: 'This is a trap.'
[01:44:53.211] 💬 Processing: 'This is a trap.'
[01:44:53.211] 🧠 GPT API...
[01:44:53.978] ✅ Response ready
[01:44:54.423] ✓ Playback finished
[01:44:54.724] 🎙️  TTS API...
[01:44:56.440] Listening... (frames: 0, energy: 0.044464)
[01:44:56.633] ▶️  Playing (3.4s)...
[01:44:57.120] 🔴 Recording started
[01:44:57.227] Waiting for audio...
[01:44:57.988] Waiting for transcription...
[01:44:57.993] 🎧 Applying noise cancellation...
[01:44:57.996] 💾 Cleaned recording saved: recordings/recording_0008.wav
[01:44:57.996] ⚫ Cleaned audio sent (13920 samples, 0.87s)
[01:44:57.998] 📊 Audio: energy=0.072519, duration=0.87s
[01:44:57.998] 📡 Whisper API...
[01:44:58.147] 🔴 Recording started
[01:44:58.484] 📝 Whisper: 'Great. Are you...' (3 words)
[01:44:58.484] ⚠️  Invalid speech pattern
[01:44:59.009] 🎧 Applying noise cancellation...
[01:44:59.013] 💾 Cleaned recording saved: recordings/recording_0009.wav
[01:44:59.013] ⚫ Cleaned audio sent (13920 samples, 0.87s)
[01:44:59.014] 📊 Audio: energy=0.077951, duration=0.87s
[01:44:59.015] 📡 Whisper API...
[01:44:59.530] 📝 Whisper: 'I'm delighted to practice here.' (5 words)
[01:44:59.530] ✅ Valid: 'I'm delighted to practice here.'
[01:44:59.530] 💬 Processing: 'I'm delighted to practice here.'
[01:44:59.532] 🧠 GPT API...
[01:45:00.128] ✓ Playback finished
[01:45:00.248] ✅ Response ready
[01:45:00.359] 🔴 Recording started
[01:45:00.429] 🎙️  TTS API...
[01:45:02.149] ▶️  Playing (5.6s)...
[01:45:03.489] 🎧 Applying noise cancellation...
[01:45:03.497] 💾 Cleaned recording saved: recordings/recording_0010.wav
[01:45:03.497] ⚫ Cleaned audio sent (49920 samples, 3.12s)
[01:45:03.497] 📊 Audio: energy=0.068676, duration=3.12s
[01:45:03.499] 📡 Whisper API...
[01:45:03.846] 🔴 Recording started
[01:45:04.238] 📝 Whisper: 'No, I'm excited, but I want to...' (7 words)
[01:45:04.239] ⚠️  Invalid speech pattern
[01:45:04.274] Waiting for transcription...
[01:45:05.136] 🎧 Applying noise cancellation...
[01:45:05.140] 💾 Cleaned recording saved: recordings/recording_0011.wav
[01:45:05.140] ⚫ Cleaned audio sent (20640 samples, 1.29s)
[01:45:05.140] 📊 Audio: energy=0.041736, duration=1.29s
[01:45:05.143] 📡 Whisper API...
[01:45:06.062] 📝 Whisper: 'True.' (1 words)
[01:45:06.062] ✅ Valid: 'True.'
[01:45:06.062] 💬 Processing: 'True.'
[01:45:06.064] 🧠 GPT API...
[01:45:06.884] ✅ Response ready
[01:45:07.563] 🔴 Recording started
[01:45:07.837] ✓ Playback finished
[01:45:08.138] 🎙️  TTS API...
[01:45:09.873] ▶️  Playing (5.9s)...
[01:45:10.083] Waiting for audio...
[01:45:10.907] Waiting for transcription...
[01:45:11.587] Listening... (frames: 135, energy: 0.224670)
[01:45:13.292] 🎧 Applying noise cancellation...
[01:45:13.311] 💾 Cleaned recording saved: recordings/recording_0012.wav
[01:45:13.311] ⚫ Cleaned audio sent (91680 samples, 5.73s)
[01:45:13.311] 📊 Audio: energy=0.086566, duration=5.73s
[01:45:13.311] 📡 Whisper API...
[01:45:13.475] 🔴 Recording started
[01:45:14.123] 📝 Whisper: 'No, I want to talk about when we talk, we can connect everything through.' (14 words)
[01:45:14.123] ✅ Valid: 'No, I want to talk about when we talk, we can connect everything through.'
[01:45:14.123] 💬 Processing: 'No, I want to talk about when we talk, we can connect everything through.'
[01:45:14.123] 🧠 GPT API...
[01:45:15.135] ✅ Response ready
[01:45:15.841] ✓ Playback finished
[01:45:16.142] 🎙️  TTS API...
[01:45:16.950] 🎧 Applying noise cancellation...
[01:45:16.958] 💾 Cleaned recording saved: recordings/recording_0013.wav
[01:45:16.958] ⚫ Cleaned audio sent (55680 samples, 3.48s)
[01:45:16.959] 📊 Audio: energy=0.062878, duration=3.48s
[01:45:16.960] 📡 Whisper API...
[01:45:17.910] 📝 Whisper: 'Not have inside mixed something.' (5 words)
[01:45:17.911] ✅ Valid: 'Not have inside mixed something.'
[01:45:17.911] 💬 Processing: 'Not have inside mixed something.'
[01:45:17.911] 🧠 GPT API...
[01:45:18.523] ▶️  Playing (5.2s)...
[01:45:18.618] ✅ Response ready
[01:45:19.113] 🔴 Recording started
[01:45:20.161] 🎧 Applying noise cancellation...
[01:45:20.164] 💾 Cleaned recording saved: recordings/recording_0014.wav
[01:45:20.166] ⚫ Cleaned audio sent (16800 samples, 1.05s)
[01:45:20.166] 📊 Audio: energy=0.086592, duration=1.05s
[01:45:20.166] 📡 Whisper API...
[01:45:20.373] 🔴 Recording started
[01:45:21.112] 📝 Whisper: 'I'm glad you're on board.' (5 words)
[01:45:21.113] ✅ Valid: 'I'm glad you're on board.'
[01:45:21.113] 💬 Processing: 'I'm glad you're on board.'
[01:45:21.113] 🧠 GPT API...
[01:45:21.216] 🎧 Applying noise cancellation...
[01:45:21.219] 💾 Cleaned recording saved: recordings/recording_0015.wav
[01:45:21.219] ⚫ Cleaned audio sent (13440 samples, 0.84s)
[01:45:21.221] 📊 Audio: energy=0.118557, duration=0.84s
[01:45:21.221] 📡 Whisper API...
[01:45:21.247] 🔴 Recording started
[01:45:22.081] 🎧 Applying noise cancellation...
[01:45:22.083] 💾 Cleaned recording saved: recordings/recording_0016.wav
[01:45:22.084] ⚫ Cleaned audio sent (13440 samples, 0.84s)
[01:45:22.151] ✅ Response ready
[01:45:23.376] 📝 Whisper: '' (0 words)
[01:45:23.376] ⚠️  Invalid speech pattern
[01:45:23.377] 📊 Audio: energy=0.133704, duration=0.84s
[01:45:23.378] 📡 Whisper API...
[01:45:23.777] ✓ Playback finished
[01:45:24.079] 🎙️  TTS API...
[01:45:24.135] 📝 Whisper: 'Stop it.' (2 words)
[01:45:24.135] ✅ Valid: 'Stop it.'
[01:45:24.135] 💬 Processing: 'Stop it.'
[01:45:24.136] 🧠 GPT API...
[01:45:24.422] KeyboardInterrupt
[01:45:24.846] ✅ Response ready
[01:45:26.454] ▶️  Playing (6.8s)...
[01:45:26.522] Session #4 saved
[01:45:26.524] ============================================================
[01:45:26.524] Shutdown complete
[01:45:26.524] ============================================================
[01:45:33.364] ✓ Playback finished
