[01:31:39] ============================================================
[01:31:39] 🎓 Starting English Lesson
[01:31:39] ============================================================
[01:31:39] Teacher: James
[01:31:39] Level: A2
[01:31:39] 🎤 Microphone thread started
[01:31:39] 🔴 Recording started
[01:31:39] 📝 Transcription thread started
[01:31:39] 🧠 GPT thread started
[01:31:39] 🔊 Playback thread started
[01:31:39] 🎙️  TTS: 'Hi! I'm James. Ready to learn English?...'
[01:31:40] ⚠️  Audio too short (0.69s), rejected
[01:31:40] Ready for conversation
[01:31:41] ▶️  Playing (2.3s)...
[01:31:43] Waiting for audio...
[01:31:43] Waiting for transcription...
[01:31:44] Listening... (frames: 0, energy: 0.0323)
[01:31:44] ✓ Playback finished
[01:31:44] 🔴 Recording started
[01:31:47] ⚫ Audio sent (47520 samples)
[01:31:47] 📡 Sending to Whisper API...
[01:31:47] Waiting for transcription...
[01:31:48] ✅ Valid transcription: 'Hello, I am ready to learn English.'
[01:31:48] Got: 'Hello, I am ready to learn English....'
[01:31:48] 💭 Thinking...
[01:31:48] Waiting for TTS...
[01:31:49] ✅ Response: 'That's wonderful to hear! What would you like to s...'
[01:31:49] 🎙️  TTS: 'That's wonderful to hear! What would you like to s...'
[01:31:51] Listening... (frames: 0, energy: 0.0418)
[01:31:51] ▶️  Playing (4.5s)...
[01:31:52] Waiting for audio...
[01:31:53] Waiting for transcription...
[01:31:55] Listening... (frames: 0, energy: 0.0425)
[01:31:55] ✓ Playback finished
[01:31:56] Waiting for audio...
[01:31:57] Waiting for transcription...
[01:31:58] 🔴 Recording started
[01:31:59] ⚠️  Audio too short (0.72s), rejected
[01:31:59] 🔴 Recording started
[01:32:00] Waiting for audio...
[01:32:00] Waiting for TTS...
[01:32:01] Waiting for transcription...
[01:32:03] Listening... (frames: 135, energy: 0.0865)
[01:32:04] ⚫ Audio sent (77760 samples)
[01:32:04] 📡 Sending to Whisper API...
[01:32:04] 🔴 Recording started
[01:32:04] Waiting for TTS...
[01:32:05] Waiting for transcription...
[01:32:06] ⚫ Audio sent (32640 samples)
[01:32:06] ✅ Valid transcription: 'I want to start learning first, how can I talk with you when I talk...'
[01:32:06] Got: 'I want to start learning first, how can ...'
[01:32:06] 📡 Sending to Whisper API...
[01:32:06] 💭 Thinking...
[01:32:07] ✅ Response: 'A good start is to practice simple sentences and q...'
[01:32:07] 🎙️  TTS: 'A good start is to practice simple sentences and q...'
[01:32:07] ✅ Valid transcription: 'We stop, understand, right?'
[01:32:07] Got: 'We stop, understand, right?...'
[01:32:07] 💭 Thinking...
[01:32:08] ✅ Response: 'Almost there! You could say, "Do we stop, understa...'
[01:32:10] ▶️  Playing (7.1s)...
[01:32:10] Listening... (frames: 0, energy: 0.0415)
[01:32:11] Waiting for audio...
[01:32:12] Waiting for transcription...
[01:32:14] Listening... (frames: 0, energy: 0.0408)
[01:32:15] Waiting for audio...
[01:32:16] Waiting for transcription...
[01:32:17] ✓ Playback finished
[01:32:17] 🎙️  TTS: 'Almost there! You could say, "Do we stop, understa...'
[01:32:18] Listening... (frames: 0, energy: 0.0397)
[01:32:19] Waiting for audio...
[01:32:20] ▶️  Playing (7.5s)...
[01:32:20] Waiting for transcription...
[01:32:22] Listening... (frames: 0, energy: 0.0486)
[01:32:23] Waiting for audio...
[01:32:24] Waiting for transcription...
[01:32:26] Listening... (frames: 0, energy: 0.0482)
[01:32:27] ✓ Playback finished
[01:32:27] 🔴 Recording started
[01:32:27] Waiting for audio...
[01:32:28] Waiting for transcription...
[01:32:28] ⚫ Audio sent (22080 samples)
[01:32:28] 📡 Sending to Whisper API...
[01:32:28] 🔴 Recording started
[01:32:29] ✅ Valid transcription: 'English English English English'
[01:32:29] Got: 'English English English English...'
[01:32:29] 💭 Thinking...
[01:32:30] ✅ Response: 'It sounds like you're eager to learn! What specifi...'
[01:32:30] 🎙️  TTS: 'It sounds like you're eager to learn! What specifi...'
[01:32:30] ⚫ Audio sent (26880 samples)
[01:32:30] 📡 Sending to Whisper API...
[01:32:32] ✅ Valid transcription: 'Learn English for free www.engvid.com'
[01:32:32] Got: 'Learn English for free www.engvid.com...'
[01:32:32] 💭 Thinking...
[01:32:32] ▶️  Playing (6.4s)...
[01:32:33] ✅ Response: 'EngVid is a great resource for learning English fo...'
[01:32:34] Listening... (frames: 0, energy: 0.0371)
[01:32:36] Waiting for audio...
[01:32:37] Waiting for transcription...
[01:32:37] KeyboardInterrupt received
[01:32:37] ✓ Playback finished
