[02:11:39.802] ============================================================
[02:11:39.802] Session: Sarah
[02:11:39.802] ============================================================
[02:11:39.804] 🎤 Microphone started
[02:11:39.851] 🔴 Recording
[02:11:39.855] 📝 Transcription started
[02:11:39.906] 🧠 GPT started
[02:11:39.956] 🔊 Playback started
[02:11:41.007] Ready
[02:11:41.530] ⏱️  TTS: 1.52s
[02:11:41.973] 🔴 Recording
[02:11:42.818] 🔴 Recording
[02:11:45.230] ⏱️  Whisper: 0.64s
[02:11:45.230] ✅ 'Killer, I told you.'
[02:11:45.881] ⏱️  GPT: 0.65s
[02:11:47.134] ⏱️  TTS: 1.25s
[02:11:47.978] 🔴 Recording
[02:11:49.299] 🔴 Recording
[02:11:53.952] 🔴 Recording
[02:12:00.250] 🔴 Recording
[02:12:05.106] 🔴 Recording
[02:12:06.813] 🔴 Recording
[02:12:09.395] ⏱️  Whisper: 1.20s
[02:12:09.396] ✅ 'fire history.'
[02:12:10.671] ⏱️  GPT: 1.27s
[02:12:14.172] ⏱️  TTS: 3.50s
[02:12:14.584] 🔴 Recording
[02:12:15.782] 🔴 Recording
[02:12:17.053] 🔴 Recording
[02:12:23.134] ⏱️  Whisper: 1.24s
[02:12:23.135] ✅ 'Yes. Can I talk about normal and non-stop?'
[02:12:23.801] ⏱️  GPT: 0.67s
[02:12:24.397] 🔴 Recording
[02:12:25.302] 🔴 Recording
[02:12:25.413] ⏱️  TTS: 1.61s
[02:12:27.851] 🔴 Recording
[02:12:31.803] 🔴 Recording
[02:12:34.331] 🔴 Recording
[02:12:35.734] 🔴 Recording
[02:12:38.711] 🔴 Recording
[02:12:42.368] 🔴 Recording
[02:12:43.444] 🔴 Recording
[02:12:44.887] 🔴 Recording
[02:12:46.208] 🔴 Recording
[02:12:47.741] 🔴 Recording
[02:12:50.890] 🔴 Recording
[02:12:56.589] 🔴 Recording
[02:12:57.736] Saved
