[02:27:55.739] Session start
[02:27:55.739] 🎤 Microphone started
[02:27:55.771] 📝 Transcription started
[02:27:55.789] 🔴 Recording (start)
[02:27:55.801] 🧠 GPT started
[02:27:55.832] 🔊 Playback started
[02:27:57.091] ⏱ Whisper 1.12s
[02:27:59.059] 🔴 Recording (start)
[02:28:00.310] ⏱ Whisper 0.89s
[02:28:00.310] ✅ Transcribed: Hello.
[02:28:01.174] ⏱ Whisper 0.86s
[02:28:01.176] ✅ Transcribed: low
[02:28:01.720] ⏱ Whisper 0.54s
[02:28:01.722] ✅ Transcribed: cetera
[02:28:06.587] 🔴 Recording (start)
[02:28:07.993] ⏱ Whisper 1.05s
[02:28:08.509] ⏱ Whisper 0.51s
[02:28:08.511] ✅ Transcribed: Hello, Sarah.
[02:28:09.386] ⏸ Ready to speak
[02:28:12.317] 🔴 Recording (start)
[02:28:14.313] ⏱ Whisper 1.64s
[02:28:14.315] ✅ Transcribed: I want
[02:28:14.441] 🔴 Recording (start)
[02:28:15.591] ⏸ Ready to speak
[02:28:15.820] ⏱ Whisper 1.50s
[02:28:15.823] ✅ Transcribed: I won't ask you...
[02:28:16.341] ⏱ Whisper 0.52s
[02:28:16.342] ✅ Transcribed: Q
[02:28:17.174] ⏱ Whisper 0.83s
[02:28:17.174] ✅ Transcribed: It's just
[02:28:17.226] ⏸ Ready to speak
[02:28:18.370] ⏸ Ready to speak
[02:28:18.618] ⏱ Whisper 1.44s
[02:28:18.618] ✅ Transcribed: his story
[02:28:19.149] ⏱ Whisper 0.53s
[02:28:19.149] ✅ Transcribed: later.
[02:28:19.773] ⏸ Ready to speak
[02:28:25.575] 🔴 Recording (start)
[02:28:26.667] ⏱ Whisper 0.73s
[02:28:26.667] ✅ Transcribed: No.
