[01:30:18] ============================================================
[01:30:18] 🎓 Starting English Lesson
[01:30:18] ============================================================
[01:30:18] Teacher: James
[01:30:18] Level: A2
[01:30:18] 🎤 Microphone thread started
[01:30:18] 🔴 Recording started
[01:30:18] 📝 Transcription thread started
[01:30:18] 🧠 GPT thread started
[01:30:18] 🔊 Playback thread started
[01:30:18] Ignored message type: TTS_REQUEST
[01:30:18] ⚠️  Audio too short (0.69s), rejected
[01:30:19] Ready for conversation
[01:30:22] Waiting for audio...
[01:30:22] Waiting for TTS request...
[01:30:22] Waiting for transcription...
[01:30:22] Listening... (frames: 0, energy: 0.0184)
[01:30:25] 🔴 Recording started
[01:30:26] Waiting for audio...
[01:30:26] Waiting for TTS request...
[01:30:26] Waiting for transcription...
[01:30:27] ⚫ Audio sent (18240 samples)
[01:30:27] 📡 Sending to Whisper API...
[01:30:29] ⚠️  Text too short (1 words), rejected
[01:30:29] 🔴 Recording started
[01:30:30] Waiting for TTS request...
[01:30:30] Waiting for transcription...
[01:30:31] ⚫ Audio sent (24960 samples)
[01:30:31] 📡 Sending to Whisper API...
[01:30:32] ✅ Valid transcription: 'Hello, how are you?'
[01:30:32] Playback ignored: TRANSCRIBED
[01:30:34] Waiting for transcription...
[01:30:35] Listening... (frames: 0, energy: 0.0201)
[01:30:36] Waiting for TTS request...
[01:30:36] Waiting for audio...
[01:30:38] Waiting for transcription...
[01:30:38] 🔴 Recording started
[01:30:39] ⚠️  Audio too short (0.69s), rejected
[01:30:40] Waiting for audio...
[01:30:40] Waiting for TTS request...
[01:30:42] 🔴 Recording started
[01:30:42] Waiting for transcription...
[01:30:44] Waiting for audio...
[01:30:44] Waiting for TTS request...
[01:30:46] Listening... (frames: 135, energy: 0.0710)
[01:30:46] Waiting for transcription...
[01:30:47] ⚫ Audio sent (83040 samples)
[01:30:47] 📡 Sending to Whisper API...
[01:30:48] Waiting for TTS request...
[01:30:49] ✅ Valid transcription: 'Hello, how are you? When are you going to answer these? Why are you doing this? Why are you always confusing everything?'
[01:30:49] Got: 'Hello, how are you? When are you going t...'
[01:30:49] 💭 Thinking...
[01:30:50] ✅ Response: 'Hello! I'm here to help with your English question...'
[01:30:50] Ignored message type: TTS_REQUEST
[01:30:51] Listening... (frames: 0, energy: 0.0191)
[01:30:52] 🔴 Recording started
[01:30:52] Waiting for TTS request...
[01:30:53] ⚠️  Audio too short (0.72s), rejected
[01:30:53] Waiting for audio...
[01:30:54] Waiting for transcription...
[01:30:55] 🔴 Recording started
[01:30:56] Waiting for TTS request...
[01:30:57] ⚫ Audio sent (20160 samples)
[01:30:57] 📡 Sending to Whisper API...
[01:30:58] Waiting for transcription...
[01:31:00] ⚠️  Text too short (0 words), rejected
[01:31:00] Waiting for TTS request...
[01:31:01] Listening... (frames: 0, energy: 0.0182)
[01:31:03] Waiting for transcription...
[01:31:04] Waiting for audio...
[01:31:04] Waiting for TTS request...
[01:31:05] Listening... (frames: 0, energy: 0.0173)
[01:31:07] Waiting for transcription...
[01:31:08] Waiting for audio...
[01:31:08] Waiting for TTS request...
[01:31:09] Listening... (frames: 0, energy: 0.0178)
[01:31:11] Waiting for transcription...
[01:31:12] Waiting for audio...
[01:31:13] Waiting for TTS request...
[01:31:13] Listening... (frames: 0, energy: 0.0197)
[01:31:15] Waiting for transcription...
[01:31:16] Waiting for audio...
[01:31:17] Waiting for TTS request...
[01:31:17] Listening... (frames: 0, energy: 0.0182)
[01:31:19] Waiting for transcription...
[01:31:20] Waiting for audio...
[01:31:21] Waiting for TTS request...
[01:31:21] Listening... (frames: 0, energy: 0.0190)
[01:31:23] Waiting for transcription...
[01:31:24] Waiting for audio...
[01:31:25] Waiting for TTS request...
[01:31:25] Listening... (frames: 0, energy: 0.0193)
[01:31:27] Waiting for transcription...
[01:31:28] Waiting for audio...
[01:31:29] Waiting for TTS request...
[01:31:29] Listening... (frames: 0, energy: 0.0200)
[01:31:31] Waiting for transcription...
[01:31:32] 🔴 Recording started
[01:31:32] KeyboardInterrupt received
[01:31:32] Waiting for audio...
[01:31:33] Waiting for TTS request...
