[01:35:33] ============================================================
[01:35:33] 🎓 Starting English Lesson
[01:35:33] ============================================================
[01:35:33] Teacher: Sarah
[01:35:33] Level: A2
[01:35:33] Sessions completed: 0
[01:35:33] 🎤 Microphone thread started
[01:35:33] 🔴 Recording started
[01:35:33] 📝 Transcription thread started
[01:35:33] 🧠 GPT thread started
[01:35:33] 🔊 Playback thread started
[01:35:33] 🎙️  TTS: 'Hi! I'm Sarah. Ready to learn English?...'
[01:35:34] ⚠️  Audio too short (0.69s), rejected
[01:35:35] ▶️  Playing (2.4s)...
[01:35:37] Waiting for audio...
[01:35:37] Waiting for transcription...
[01:35:37] ✓ Playback finished
[01:35:37] 🔴 Recording started
[01:35:38] Ready for conversation
[01:35:40] ⚫ Audio sent (37920 samples)
[01:35:40] 📡 Sending to Whisper API...
[01:35:40] ✅ Valid transcription: 'Yes, I am ready to learn English....'
[01:35:40] Got: 'Yes, I am ready to learn English....'
[01:35:40] 💭 Thinking...
[01:35:41] ✅ Response: 'That's wonderful to hear! What would you like to f...'
[01:35:41] 🎙️  TTS: 'That's wonderful to hear! What would you like to f...'
[01:35:43] ▶️  Playing (4.2s)...
[01:35:44] Listening... (frames: 0, energy: 0.0733)
[01:35:45] Waiting for audio...
[01:35:45] Waiting for transcription...
[01:35:48] ✓ Playback finished
[01:35:48] Listening... (frames: 0, energy: 0.0441)
[01:35:49] Waiting for audio...
[01:35:49] KeyboardInterrupt received
[01:35:49] Waiting for Microphone thread...
[01:35:49] Waiting for Transcription thread...
[01:35:49] Waiting for transcription...
