[01:33:27] ============================================================
[01:33:27] 🎓 Starting English Lesson
[01:33:27] ============================================================
[01:33:27] Teacher: Sarah
[01:33:27] Level: A2
[01:33:27] Sessions completed: [{'date': '2026-04-19T00:43:04.528466', 'character': 'Sarah', 'level': 'A2', 'exchanges': [{'user': 'Merhaba, nasılsın?', 'teacher': 'Merhaba! İyiyim, teşekkür ederim. Sen nasılsın? Bugün hangi konuda yardıma ihtiyacın var?'}], 'topic': 'general'}]
[01:33:27] 🎤 Microphone thread started
[01:33:27] 🔴 Recording started
[01:33:27] 📝 Transcription thread started
[01:33:27] 🧠 GPT thread started
[01:33:27] 🔊 Playback thread started
[01:33:27] 🎙️  TTS: 'Hi! I'm Sarah. Ready to learn English?...'
[01:33:27] ⚠️  Audio too short (0.69s), rejected
[01:33:28] Ready for conversation
[01:33:29] ▶️  Playing (2.4s)...
[01:33:31] Waiting for audio...
[01:33:31] Waiting for transcription...
[01:33:31] Listening... (frames: 0, energy: 0.0488)
[01:33:32] ✓ Playback finished
[01:33:32] 🔴 Recording started
[01:33:35] ⚫ Audio sent (48000 samples)
[01:33:35] 📡 Sending to Whisper API...
[01:33:35] Waiting for transcription...
[01:33:36] Waiting for TTS...
[01:33:36] ✅ Valid transcription: 'Yes, can we talk when we talk?'
[01:33:36] Got: 'Yes, can we talk when we talk?...'
[01:33:36] 💭 Thinking...
[01:33:37] ✅ Response: 'It looks like you meant to say, "Can we talk now?"...'
[01:33:37] 🎙️  TTS: 'It looks like you meant to say, "Can we talk now?"...'
[01:33:39] Listening... (frames: 0, energy: 0.0415)
[01:33:39] ▶️  Playing (6.5s)...
[01:33:40] Waiting for audio...
[01:33:41] Waiting for transcription...
[01:33:43] Listening... (frames: 0, energy: 0.0675)
[01:33:44] Waiting for audio...
[01:33:45] Waiting for transcription...
[01:33:45] ✓ Playback finished
[01:33:45] 🔴 Recording started
[01:33:48] ⚫ Audio sent (39840 samples)
[01:33:48] 📡 Sending to Whisper API...
[01:33:49] Waiting for transcription...
[01:33:49] ✅ Valid transcription: 'We can continue our way talking or not.'
[01:33:49] Got: 'We can continue our way talking or not....'
[01:33:49] 💭 Thinking...
[01:33:49] Waiting for TTS...
[01:33:50] ✅ Response: 'I think you meant, "Can we keep talking?" Yes, we ...'
[01:33:50] 🎙️  TTS: 'I think you meant, "Can we keep talking?" Yes, we ...'
[01:33:52] Listening... (frames: 0, energy: 0.0390)
[01:33:52] ▶️  Playing (4.6s)...
[01:33:53] Waiting for audio...
[01:33:54] Waiting for transcription...
[01:33:56] Listening... (frames: 0, energy: 0.0544)
[01:33:56] ✓ Playback finished
[01:33:56] 🔴 Recording started
[01:33:57] ⚠️  Audio too short (0.72s), rejected
[01:33:57] Waiting for audio...
[01:33:58] Waiting for transcription...
[01:34:00] 🔴 Recording started
[01:34:00] ⚠️  Audio too short (0.72s), rejected
[01:34:01] Waiting for TTS...
[01:34:01] Waiting for audio...
[01:34:02] Waiting for transcription...
[01:34:03] 🔴 Recording started
[01:34:05] Waiting for TTS...
[01:34:05] ⚫ Audio sent (39360 samples)
[01:34:05] 📡 Sending to Whisper API...
[01:34:06] Waiting for transcription...
[01:34:06] ✅ Valid transcription: 'I can't talk about you a bit.'
[01:34:06] Got: 'I can't talk about you a bit....'
[01:34:06] 💭 Thinking...
[01:34:07] ✅ Response: 'Do you mean you want to know a bit about me? I'm a...'
[01:34:07] 🎙️  TTS: 'Do you mean you want to know a bit about me? I'm a...'
[01:34:09] Listening... (frames: 0, energy: 0.0531)
[01:34:09] ▶️  Playing (7.9s)...
[01:34:10] Waiting for audio...
[01:34:11] Waiting for transcription...
[01:34:13] Listening... (frames: 0, energy: 0.0651)
[01:34:14] Waiting for audio...
[01:34:15] Waiting for transcription...
[01:34:17] Listening... (frames: 0, energy: 0.0410)
[01:34:17] ✓ Playback finished
[01:34:18] Waiting for audio...
[01:34:19] Waiting for transcription...
[01:34:20] 🔴 Recording started
[01:34:20] ⚫ Audio sent (12480 samples)
[01:34:20] 📡 Sending to Whisper API...
[01:34:21] ✅ Valid transcription: 'Learn English for free www.engvid.com'
[01:34:21] Got: 'Learn English for free www.engvid.com...'
[01:34:21] 💭 Thinking...
[01:34:22] Waiting for TTS...
[01:34:22] KeyboardInterrupt received
[01:34:22] ✅ Response: 'EngVid is a great resource for learning English! H...'
[01:34:22] 🎙️  TTS: 'EngVid is a great resource for learning English! H...'
[01:34:24] ▶️  Playing (5.7s)...
